<?xml version="1.0" encoding="UTF-8"?>
<Site BuildName="(empty)"
	BuildStamp="20240618-0107-Experimental"
	Name="cpsl-nuc13"
	Generator="ctest-3.29.2"
	CompilerName="/usr/bin/c++"
	CompilerVersion="9.4.0"
	OSName="Linux"
	Hostname="cpsl-nuc13"
	OSRelease="5.15.0-107-generic"
	OSVersion="#117~20.04.1-Ubuntu SMP Tue Apr 30 10:35:57 UTC 2024"
	OSPlatform="x86_64"
	Is64Bits="1"
	VendorString="GenuineIntel"
	VendorID="Intel Corporation"
	FamilyID="6"
	ModelID="186"
	ProcessorCacheSize="12288"
	NumberOfLogicalCPU="16"
	NumberOfPhysicalCPU="12"
	TotalVirtualMemory="2047"
	TotalPhysicalMemory="31642"
	LogicalProcessorsPerPhysical="1"
	ProcessorClockFrequency="3578.82"
	>
	<Testing>
		<StartDateTime>Jun 17 21:07 EDT</StartDateTime>
		<StartTestTime>1718672843</StartTestTime>
		<TestList/>
		<EndDateTime>Jun 17 21:07 EDT</EndDateTime>
		<EndTestTime>1718672843</EndTestTime>
		<ElapsedMinutes>0</ElapsedMinutes>
	</Testing>
</Site>
