<?xml version="1.0" encoding="UTF-8"?>
<Site BuildName="(empty)"
	BuildStamp="20240630-0054-Experimental"
	Name="cpsl-nuc13"
	Generator="ctest-3.29.2"
	CompilerName="/bin/c++"
	CompilerVersion="9.4.0"
	OSName="Linux"
	Hostname="cpsl-nuc13"
	OSRelease="5.15.0-113-generic"
	OSVersion="#123~20.04.1-Ubuntu SMP Wed Jun 12 17:33:13 UTC 2024"
	OSPlatform="x86_64"
	Is64Bits="1"
	VendorString="GenuineIntel"
	VendorID="Intel Corporation"
	FamilyID="6"
	ModelID="186"
	ProcessorCacheSize="12288"
	NumberOfLogicalCPU="16"
	NumberOfPhysicalCPU="12"
	TotalVirtualMemory="10239"
	TotalPhysicalMemory="31642"
	LogicalProcessorsPerPhysical="1"
	ProcessorClockFrequency="2616.75"
	>
	<Testing>
		<StartDateTime>Jun 29 22:04 EDT</StartDateTime>
		<StartTestTime>1719713077</StartTestTime>
		<TestList/>
		<EndDateTime>Jun 29 22:04 EDT</EndDateTime>
		<EndTestTime>1719713077</EndTestTime>
		<ElapsedMinutes>0</ElapsedMinutes>
	</Testing>
</Site>
